1708721901494	geckodriver	INFO	Listening on 127.0.0.1:57678
1708721902004	mozrunner::runner	INFO	Running command: MOZ_CRASHREPORTER="1" MOZ_CRASHREPORTER_NO_REPORT="1" MOZ_CRASHREPORTER_SHUTDOWN="1" MOZ_NO_REMOTE="1" "/App ... s" "localhost" "-foreground" "-no-remote" "-profile" "/var/folders/xz/49ff5h910cl5sjzv02fb0v340000gn/T/rust_mozprofilerRw3HK"
*** You are running in headless mode.
console.warn: services.settings: Ignoring preference override of remote settings server
console.warn: services.settings: Allow by setting MOZ_REMOTE_SETTINGS_DEVTOOLS=1 in the environment
1708721902211	Marionette	INFO	Marionette enabled
console.error: "Warning: unrecognized command line flag" "-remote-allow-hosts"
1708721902411	Marionette	INFO	Listening on port 57686
WebDriver BiDi listening on ws://127.0.0.1:57679
1708721902489	RemoteAgent	WARN	TLS certificate errors will be ignored for this session
[GFX1-]: RenderCompositorSWGL failed mapping default framebuffer, no dt
DevTools listening on ws://127.0.0.1:57679/devtools/browser/387310df-f079-43f9-b26e-703be44e4219
JavaScript error: https://www.sec.gov/edgar/search/#/q=%2522Material%2520Cybersecurity%2522&dateRange=30d&category=custom&forms=8-K&sort=desc line 512 > injectedScript, line 5: ReferenceError: gtmYTplayers is not defined
1708722801307	geckodriver	INFO	Listening on 127.0.0.1:58260
1708722801817	mozrunner::runner	INFO	Running command: MOZ_CRASHREPORTER="1" MOZ_CRASHREPORTER_NO_REPORT="1" MOZ_CRASHREPORTER_SHUTDOWN="1" MOZ_NO_REMOTE="1" "/App ... s" "localhost" "-foreground" "-no-remote" "-profile" "/var/folders/xz/49ff5h910cl5sjzv02fb0v340000gn/T/rust_mozprofile2EaR08"
*** You are running in headless mode.
console.warn: services.settings: Ignoring preference override of remote settings server
console.warn: services.settings: Allow by setting MOZ_REMOTE_SETTINGS_DEVTOOLS=1 in the environment
1708722802029	Marionette	INFO	Marionette enabled
console.error: "Warning: unrecognized command line flag" "-remote-allow-hosts"
1708722802215	Marionette	INFO	Listening on port 58268
WebDriver BiDi listening on ws://127.0.0.1:58261
1708722802353	RemoteAgent	WARN	TLS certificate errors will be ignored for this session
[GFX1-]: RenderCompositorSWGL failed mapping default framebuffer, no dt
DevTools listening on ws://127.0.0.1:58261/devtools/browser/e07b22d4-8330-4378-adca-e84beca45f43
JavaScript error: https://www.sec.gov/edgar/search/#/q=%2522Material%2522Cybersecurity%2522&dateRange=30d&category=custom&forms=8-K&sort=desc line 512 > injectedScript, line 5: ReferenceError: gtmYTplayers is not defined
1708722834226	addons.xpi	ERROR	System addon update list error SyntaxError: XMLHttpRequest.open: 'http://%(server)s/dummy-system-addons.xml' is not a valid URL.
Exiting due to channel error.
Exiting due to channel error.
Exiting due to channel error.
Exiting due to channel error.
Exiting due to channel error.
1708722981334	geckodriver	INFO	Listening on 127.0.0.1:58414
1708722981341	mozrunner::runner	INFO	Running command: MOZ_CRASHREPORTER="1" MOZ_CRASHREPORTER_NO_REPORT="1" MOZ_CRASHREPORTER_SHUTDOWN="1" MOZ_NO_REMOTE="1" "/App ... s" "localhost" "-foreground" "-no-remote" "-profile" "/var/folders/xz/49ff5h910cl5sjzv02fb0v340000gn/T/rust_mozprofileQOYMXb"
*** You are running in headless mode.
console.warn: services.settings: Ignoring preference override of remote settings server
console.warn: services.settings: Allow by setting MOZ_REMOTE_SETTINGS_DEVTOOLS=1 in the environment
1708722981533	Marionette	INFO	Marionette enabled
console.error: "Warning: unrecognized command line flag" "-remote-allow-hosts"
1708722981686	Marionette	INFO	Listening on port 58420
WebDriver BiDi listening on ws://127.0.0.1:58415
1708722981706	RemoteAgent	WARN	TLS certificate errors will be ignored for this session
[GFX1-]: RenderCompositorSWGL failed mapping default framebuffer, no dt
DevTools listening on ws://127.0.0.1:58415/devtools/browser/ef932a4d-8395-4fd6-8139-74ef9646af36
JavaScript error: https://www.sec.gov/edgar/search/#/q=%2522Material%2522Cybersecurity%2522&dateRange=30d&category=custom&forms=8-K&sort=desc line 512 > injectedScript, line 5: ReferenceError: gtmYTplayers is not defined
1708723011541	addons.xpi	ERROR	System addon update list error SyntaxError: XMLHttpRequest.open: 'http://%(server)s/dummy-system-addons.xml' is not a valid URL.
Exiting due to channel error.
Exiting due to channel error.
Exiting due to channel error.
Exiting due to channel error.
Exiting due to channel error.
Exiting due to channel error.
1708723190771	geckodriver	INFO	Listening on 127.0.0.1:58554
1708723190778	mozrunner::runner	INFO	Running command: MOZ_CRASHREPORTER="1" MOZ_CRASHREPORTER_NO_REPORT="1" MOZ_CRASHREPORTER_SHUTDOWN="1" MOZ_NO_REMOTE="1" "/App ... s" "localhost" "-foreground" "-no-remote" "-profile" "/var/folders/xz/49ff5h910cl5sjzv02fb0v340000gn/T/rust_mozprofiletToVbw"
*** You are running in headless mode.
console.warn: services.settings: Ignoring preference override of remote settings server
console.warn: services.settings: Allow by setting MOZ_REMOTE_SETTINGS_DEVTOOLS=1 in the environment
1708723190970	Marionette	INFO	Marionette enabled
console.error: "Warning: unrecognized command line flag" "-remote-allow-hosts"
1708723191125	Marionette	INFO	Listening on port 58560
WebDriver BiDi listening on ws://127.0.0.1:58555
1708723191146	RemoteAgent	WARN	TLS certificate errors will be ignored for this session
[GFX1-]: RenderCompositorSWGL failed mapping default framebuffer, no dt
DevTools listening on ws://127.0.0.1:58555/devtools/browser/b7010fc0-6161-450d-9e77-132626612cf6
JavaScript error: https://www.sec.gov/edgar/search/#/q=%2522Material%2522Cybersecurity%2522&dateRange=30d&category=custom&forms=8-K&sort=desc line 512 > injectedScript, line 5: ReferenceError: gtmYTplayers is not defined
1708723221452	addons.xpi	ERROR	System addon update list error SyntaxError: XMLHttpRequest.open: 'http://%(server)s/dummy-system-addons.xml' is not a valid URL.
Exiting due to channel error.
Exiting due to channel error.
Exiting due to channel error.
Exiting due to channel error.
Exiting due to channel error.
1708723399055	geckodriver	INFO	Listening on 127.0.0.1:58670
1708723399062	mozrunner::runner	INFO	Running command: MOZ_CRASHREPORTER="1" MOZ_CRASHREPORTER_NO_REPORT="1" MOZ_CRASHREPORTER_SHUTDOWN="1" MOZ_NO_REMOTE="1" "/App ... s" "localhost" "-foreground" "-no-remote" "-profile" "/var/folders/xz/49ff5h910cl5sjzv02fb0v340000gn/T/rust_mozprofile577N6S"
*** You are running in headless mode.
console.warn: services.settings: Ignoring preference override of remote settings server
console.warn: services.settings: Allow by setting MOZ_REMOTE_SETTINGS_DEVTOOLS=1 in the environment
1708723399240	Marionette	INFO	Marionette enabled
console.error: "Warning: unrecognized command line flag" "-remote-allow-hosts"
1708723399409	Marionette	INFO	Listening on port 58676
WebDriver BiDi listening on ws://127.0.0.1:58671
1708723399431	RemoteAgent	WARN	TLS certificate errors will be ignored for this session
[GFX1-]: RenderCompositorSWGL failed mapping default framebuffer, no dt
DevTools listening on ws://127.0.0.1:58671/devtools/browser/4bba43c5-7fb2-4c28-9d0f-06339c56bf53
JavaScript error: https://www.sec.gov/edgar/search/#/q=%2522Material%2522Cybersecurity%2522&dateRange=30d&category=custom&forms=8-K&sort=desc line 512 > injectedScript, line 5: ReferenceError: gtmYTplayers is not defined
1708723431474	addons.xpi	ERROR	System addon update list error SyntaxError: XMLHttpRequest.open: 'http://%(server)s/dummy-system-addons.xml' is not a valid URL.
Exiting due to channel error.
Exiting due to channel error.
Exiting due to channel error.
Exiting due to channel error.
Exiting due to channel error.
1708723494166	geckodriver	INFO	Listening on 127.0.0.1:58773
1708723494173	mozrunner::runner	INFO	Running command: MOZ_CRASHREPORTER="1" MOZ_CRASHREPORTER_NO_REPORT="1" MOZ_CRASHREPORTER_SHUTDOWN="1" MOZ_NO_REMOTE="1" "/App ... s" "localhost" "-foreground" "-no-remote" "-profile" "/var/folders/xz/49ff5h910cl5sjzv02fb0v340000gn/T/rust_mozprofile09reW8"
*** You are running in headless mode.
console.warn: services.settings: Ignoring preference override of remote settings server
console.warn: services.settings: Allow by setting MOZ_REMOTE_SETTINGS_DEVTOOLS=1 in the environment
1708723494351	Marionette	INFO	Marionette enabled
console.error: "Warning: unrecognized command line flag" "-remote-allow-hosts"
1708723494505	Marionette	INFO	Listening on port 58779
WebDriver BiDi listening on ws://127.0.0.1:58774
1708723494526	RemoteAgent	WARN	TLS certificate errors will be ignored for this session
[GFX1-]: RenderCompositorSWGL failed mapping default framebuffer, no dt
DevTools listening on ws://127.0.0.1:58774/devtools/browser/07dd277b-0c34-4dff-8377-7a0d6a8795ef
JavaScript error: https://www.sec.gov/edgar/search/#/q=%2522Material%2520Cybersecurity%2522&dateRange=30d&category=custom&forms=8-K&sort=desc line 512 > injectedScript, line 5: ReferenceError: gtmYTplayers is not defined
1708723524699	addons.xpi	ERROR	System addon update list error SyntaxError: XMLHttpRequest.open: 'http://%(server)s/dummy-system-addons.xml' is not a valid URL.
1708723531766	Marionette	INFO	Stopped listening on port 58779
1708723816418	geckodriver	INFO	Listening on 127.0.0.1:58987
1708723816931	mozrunner::runner	INFO	Running command: MOZ_CRASHREPORTER="1" MOZ_CRASHREPORTER_NO_REPORT="1" MOZ_CRASHREPORTER_SHUTDOWN="1" MOZ_NO_REMOTE="1" "/App ... s" "localhost" "-foreground" "-no-remote" "-profile" "/var/folders/xz/49ff5h910cl5sjzv02fb0v340000gn/T/rust_mozprofiletWt2tZ"
*** You are running in headless mode.
console.warn: services.settings: Ignoring preference override of remote settings server
console.warn: services.settings: Allow by setting MOZ_REMOTE_SETTINGS_DEVTOOLS=1 in the environment
1708723817114	Marionette	INFO	Marionette enabled
console.error: "Warning: unrecognized command line flag" "-remote-allow-hosts"
1708723817271	Marionette	INFO	Listening on port 58995
WebDriver BiDi listening on ws://127.0.0.1:58988
1708723817349	RemoteAgent	WARN	TLS certificate errors will be ignored for this session
[GFX1-]: RenderCompositorSWGL failed mapping default framebuffer, no dt
DevTools listening on ws://127.0.0.1:58988/devtools/browser/3f49e879-cba0-4747-9b20-94987d4ab0a4
1708723819713	Marionette	INFO	Stopped listening on port 58995
JavaScript error: https://www.sec.gov/edgar/search/#/q=%2522Material%2522Cybersecurity%2522&dateRange=30d&category=custom&forms=8-K&sort=desc line 512 > injectedScript, line 5: ReferenceError: gtmYTplayers is not defined
1708724016936	geckodriver	INFO	Listening on 127.0.0.1:59168
1708724017451	mozrunner::runner	INFO	Running command: MOZ_CRASHREPORTER="1" MOZ_CRASHREPORTER_NO_REPORT="1" MOZ_CRASHREPORTER_SHUTDOWN="1" MOZ_NO_REMOTE="1" "/App ... s" "localhost" "-foreground" "-no-remote" "-profile" "/var/folders/xz/49ff5h910cl5sjzv02fb0v340000gn/T/rust_mozprofile4uZ4As"
*** You are running in headless mode.
console.warn: services.settings: Ignoring preference override of remote settings server
console.warn: services.settings: Allow by setting MOZ_REMOTE_SETTINGS_DEVTOOLS=1 in the environment
1708724017640	Marionette	INFO	Marionette enabled
console.error: "Warning: unrecognized command line flag" "-remote-allow-hosts"
1708724017836	Marionette	INFO	Listening on port 59176
WebDriver BiDi listening on ws://127.0.0.1:59169
1708724017971	RemoteAgent	WARN	TLS certificate errors will be ignored for this session
[GFX1-]: RenderCompositorSWGL failed mapping default framebuffer, no dt
DevTools listening on ws://127.0.0.1:59169/devtools/browser/01d33fe9-d127-47f2-a7ab-471d40262826
1708724020459	Marionette	INFO	Stopped listening on port 59176
JavaScript error: https://www.sec.gov/edgar/search/#/q=%2522Material%2522Cybersecurity%2522&dateRange=30d&category=custom&forms=8-K&sort=desc line 512 > injectedScript, line 5: ReferenceError: gtmYTplayers is not defined
1708724163022	geckodriver	INFO	Listening on 127.0.0.1:59266
1708724163532	mozrunner::runner	INFO	Running command: MOZ_CRASHREPORTER="1" MOZ_CRASHREPORTER_NO_REPORT="1" MOZ_CRASHREPORTER_SHUTDOWN="1" MOZ_NO_REMOTE="1" "/App ... s" "localhost" "-foreground" "-no-remote" "-profile" "/var/folders/xz/49ff5h910cl5sjzv02fb0v340000gn/T/rust_mozprofileOFiRyV"
*** You are running in headless mode.
console.warn: services.settings: Ignoring preference override of remote settings server
console.warn: services.settings: Allow by setting MOZ_REMOTE_SETTINGS_DEVTOOLS=1 in the environment
1708724163709	Marionette	INFO	Marionette enabled
console.error: "Warning: unrecognized command line flag" "-remote-allow-hosts"
1708724163869	Marionette	INFO	Listening on port 59274
WebDriver BiDi listening on ws://127.0.0.1:59267
1708724163946	RemoteAgent	WARN	TLS certificate errors will be ignored for this session
[GFX1-]: RenderCompositorSWGL failed mapping default framebuffer, no dt
DevTools listening on ws://127.0.0.1:59267/devtools/browser/84e3dcfd-b831-4285-90d9-7dac0cc3d99a
1708724169411	Marionette	INFO	Stopped listening on port 59274
JavaScript error: https://www.sec.gov/edgar/search/#/q=%2522Material%2522Cybersecurity%2522&dateRange=30d&category=custom&forms=8-K&sort=desc line 512 > injectedScript, line 5: ReferenceError: gtmYTplayers is not defined
1708724394053	geckodriver	INFO	Listening on 127.0.0.1:59415
1708724394577	mozrunner::runner	INFO	Running command: MOZ_CRASHREPORTER="1" MOZ_CRASHREPORTER_NO_REPORT="1" MOZ_CRASHREPORTER_SHUTDOWN="1" MOZ_NO_REMOTE="1" "/App ... s" "localhost" "-foreground" "-no-remote" "-profile" "/var/folders/xz/49ff5h910cl5sjzv02fb0v340000gn/T/rust_mozprofile44jFRf"
*** You are running in headless mode.
console.warn: services.settings: Ignoring preference override of remote settings server
console.warn: services.settings: Allow by setting MOZ_REMOTE_SETTINGS_DEVTOOLS=1 in the environment
1708724394779	Marionette	INFO	Marionette enabled
console.error: "Warning: unrecognized command line flag" "-remote-allow-hosts"
1708724394973	Marionette	INFO	Listening on port 59423
WebDriver BiDi listening on ws://127.0.0.1:59416
1708724395111	RemoteAgent	WARN	TLS certificate errors will be ignored for this session
[GFX1-]: RenderCompositorSWGL failed mapping default framebuffer, no dt
DevTools listening on ws://127.0.0.1:59416/devtools/browser/cce86a38-a4da-4a72-b74f-52614b8314c3
1708724398791	Marionette	INFO	Stopped listening on port 59423
JavaScript error: https://www.sec.gov/edgar/search/#/q=%2522Material%2522Cybersecurity%2522&dateRange=30d&category=custom&forms=8-K&sort=desc line 512 > injectedScript, line 5: ReferenceError: gtmYTplayers is not defined
1708724905538	geckodriver	INFO	Listening on 127.0.0.1:59677
1708724906047	mozrunner::runner	INFO	Running command: MOZ_CRASHREPORTER="1" MOZ_CRASHREPORTER_NO_REPORT="1" MOZ_CRASHREPORTER_SHUTDOWN="1" MOZ_NO_REMOTE="1" "/App ... s" "localhost" "-foreground" "-no-remote" "-profile" "/var/folders/xz/49ff5h910cl5sjzv02fb0v340000gn/T/rust_mozprofile6ShXSE"
*** You are running in headless mode.
console.warn: services.settings: Ignoring preference override of remote settings server
console.warn: services.settings: Allow by setting MOZ_REMOTE_SETTINGS_DEVTOOLS=1 in the environment
1708724906249	Marionette	INFO	Marionette enabled
console.error: "Warning: unrecognized command line flag" "-remote-allow-hosts"
1708724906435	Marionette	INFO	Listening on port 59685
WebDriver BiDi listening on ws://127.0.0.1:59678
1708724906572	RemoteAgent	WARN	TLS certificate errors will be ignored for this session
[GFX1-]: RenderCompositorSWGL failed mapping default framebuffer, no dt
DevTools listening on ws://127.0.0.1:59678/devtools/browser/ff9b0055-ff99-469b-9897-ab8ac02e0cc3
1708724908642	Marionette	INFO	Stopped listening on port 59685
JavaScript error: https://www.sec.gov/edgar/search/#/q=%2522Material%2522Cybersecurity%2522&dateRange=30d&category=custom&forms=8-K&sort=desc line 512 > injectedScript, line 5: ReferenceError: gtmYTplayers is not defined
1708724975913	geckodriver	INFO	Listening on 127.0.0.1:59784
1708724976425	mozrunner::runner	INFO	Running command: MOZ_CRASHREPORTER="1" MOZ_CRASHREPORTER_NO_REPORT="1" MOZ_CRASHREPORTER_SHUTDOWN="1" MOZ_NO_REMOTE="1" "/App ... s" "localhost" "-foreground" "-no-remote" "-profile" "/var/folders/xz/49ff5h910cl5sjzv02fb0v340000gn/T/rust_mozprofilevoMIu6"
*** You are running in headless mode.
console.warn: services.settings: Ignoring preference override of remote settings server
console.warn: services.settings: Allow by setting MOZ_REMOTE_SETTINGS_DEVTOOLS=1 in the environment
1708724976605	Marionette	INFO	Marionette enabled
console.error: "Warning: unrecognized command line flag" "-remote-allow-hosts"
1708724976762	Marionette	INFO	Listening on port 59792
WebDriver BiDi listening on ws://127.0.0.1:59785
1708724976842	RemoteAgent	WARN	TLS certificate errors will be ignored for this session
[GFX1-]: RenderCompositorSWGL failed mapping default framebuffer, no dt
DevTools listening on ws://127.0.0.1:59785/devtools/browser/14487f3f-5616-430f-8d04-051baf0a4dd2
1708724980557	Marionette	INFO	Stopped listening on port 59792
JavaScript error: https://www.sec.gov/edgar/search/#/q=%2522Material%2522Cybersecurity%2522&dateRange=30d&category=custom&forms=8-K&sort=desc line 512 > injectedScript, line 5: ReferenceError: gtmYTplayers is not defined
1708725072642	geckodriver	INFO	Listening on 127.0.0.1:59892
1708725073151	mozrunner::runner	INFO	Running command: MOZ_CRASHREPORTER="1" MOZ_CRASHREPORTER_NO_REPORT="1" MOZ_CRASHREPORTER_SHUTDOWN="1" MOZ_NO_REMOTE="1" "/App ... s" "localhost" "-foreground" "-no-remote" "-profile" "/var/folders/xz/49ff5h910cl5sjzv02fb0v340000gn/T/rust_mozprofilejSUwF8"
console.warn: services.settings: Ignoring preference override of remote settings server
console.warn: services.settings: Allow by setting MOZ_REMOTE_SETTINGS_DEVTOOLS=1 in the environment
1708725073553	Marionette	INFO	Marionette enabled
console.error: "Warning: unrecognized command line flag" "-remote-allow-hosts"
1708725073635	Marionette	INFO	Listening on port 59901
WebDriver BiDi listening on ws://127.0.0.1:59893
1708725073741	RemoteAgent	WARN	TLS certificate errors will be ignored for this session
UNSUPPORTED (log once): POSSIBLE ISSUE: unit 1 GLD_TEXTURE_INDEX_2D is unloadable and bound to sampler type (Float) - using zero texture because texture unloadable
DevTools listening on ws://127.0.0.1:59893/devtools/browser/35d0aa36-8be4-4d22-8927-c082da29953f
1708725076880	Marionette	INFO	Stopped listening on port 59901
JavaScript error: https://www.sec.gov/edgar/search/#/q=%2522Material%2522Cybersecurity%2522&dateRange=30d&category=custom&forms=8-K&sort=desc line 512 > injectedScript, line 5: ReferenceError: gtmYTplayers is not defined
1708725277603	geckodriver	INFO	Listening on 127.0.0.1:60023
1708725277610	mozrunner::runner	INFO	Running command: MOZ_CRASHREPORTER="1" MOZ_CRASHREPORTER_NO_REPORT="1" MOZ_CRASHREPORTER_SHUTDOWN="1" MOZ_NO_REMOTE="1" "/App ... s" "localhost" "-foreground" "-no-remote" "-profile" "/var/folders/xz/49ff5h910cl5sjzv02fb0v340000gn/T/rust_mozprofileazn7PI"
console.warn: services.settings: Ignoring preference override of remote settings server
console.warn: services.settings: Allow by setting MOZ_REMOTE_SETTINGS_DEVTOOLS=1 in the environment
1708725277951	Marionette	INFO	Marionette enabled
console.error: "Warning: unrecognized command line flag" "-remote-allow-hosts"
1708725278031	Marionette	INFO	Listening on port 60029
WebDriver BiDi listening on ws://127.0.0.1:60024
1708725278054	RemoteAgent	WARN	TLS certificate errors will be ignored for this session
UNSUPPORTED (log once): POSSIBLE ISSUE: unit 1 GLD_TEXTURE_INDEX_2D is unloadable and bound to sampler type (Float) - using zero texture because texture unloadable
DevTools listening on ws://127.0.0.1:60024/devtools/browser/091eebc8-c3da-4542-a4e8-09be57a583d6
JavaScript error: https://www.sec.gov/edgar/search/#/q=%2522Material%2522Cybersecurity%2522&dateRange=30d&category=custom&forms=8-K&sort=desc line 512 > injectedScript, line 5: ReferenceError: gtmYTplayers is not defined
1708725293305	Marionette	INFO	Stopped listening on port 60029
1708725305480	geckodriver	INFO	Listening on 127.0.0.1:60101
1708725305486	mozrunner::runner	INFO	Running command: MOZ_CRASHREPORTER="1" MOZ_CRASHREPORTER_NO_REPORT="1" MOZ_CRASHREPORTER_SHUTDOWN="1" MOZ_NO_REMOTE="1" "/App ... s" "localhost" "-foreground" "-no-remote" "-profile" "/var/folders/xz/49ff5h910cl5sjzv02fb0v340000gn/T/rust_mozprofileOOBGX0"
console.warn: services.settings: Ignoring preference override of remote settings server
console.warn: services.settings: Allow by setting MOZ_REMOTE_SETTINGS_DEVTOOLS=1 in the environment
1708725305847	Marionette	INFO	Marionette enabled
console.error: "Warning: unrecognized command line flag" "-remote-allow-hosts"
1708725305929	Marionette	INFO	Listening on port 60107
WebDriver BiDi listening on ws://127.0.0.1:60102
1708725305952	RemoteAgent	WARN	TLS certificate errors will be ignored for this session
UNSUPPORTED (log once): POSSIBLE ISSUE: unit 1 GLD_TEXTURE_INDEX_2D is unloadable and bound to sampler type (Float) - using zero texture because texture unloadable
DevTools listening on ws://127.0.0.1:60102/devtools/browser/7df54576-7a8b-4096-9090-4481dc7042cd
JavaScript error: https://www.sec.gov/edgar/search/#/q=%2522Material%2522Cybersecurity%2522&dateRange=30d&category=custom&forms=8-K&sort=desc line 512 > injectedScript, line 5: ReferenceError: gtmYTplayers is not defined
1708725337229	addons.xpi	ERROR	System addon update list error SyntaxError: XMLHttpRequest.open: 'http://%(server)s/dummy-system-addons.xml' is not a valid URL.
JavaScript error: resource:///modules/sessionstore/SessionStore.sys.mjs, line 3770: TypeError: this._windows[aWindow.__SSi] is undefined
1708725470584	geckodriver	INFO	Listening on 127.0.0.1:60232
1708725471093	mozrunner::runner	INFO	Running command: MOZ_CRASHREPORTER="1" MOZ_CRASHREPORTER_NO_REPORT="1" MOZ_CRASHREPORTER_SHUTDOWN="1" MOZ_NO_REMOTE="1" "/App ... s" "localhost" "-foreground" "-no-remote" "-profile" "/var/folders/xz/49ff5h910cl5sjzv02fb0v340000gn/T/rust_mozprofilefZSwvR"
*** You are running in headless mode.
console.warn: services.settings: Ignoring preference override of remote settings server
console.warn: services.settings: Allow by setting MOZ_REMOTE_SETTINGS_DEVTOOLS=1 in the environment
1708725471294	Marionette	INFO	Marionette enabled
console.error: "Warning: unrecognized command line flag" "-remote-allow-hosts"
1708725471484	Marionette	INFO	Listening on port 60240
WebDriver BiDi listening on ws://127.0.0.1:60233
1708725471619	RemoteAgent	WARN	TLS certificate errors will be ignored for this session
[GFX1-]: RenderCompositorSWGL failed mapping default framebuffer, no dt
DevTools listening on ws://127.0.0.1:60233/devtools/browser/20af05fe-4df4-4087-b0d8-db6683a1cef7
JavaScript error: https://www.sec.gov/edgar/search/#/q=%2522Material%2522Cybersecurity%2522&dateRange=30d&category=custom&forms=8-K&sort=desc line 512 > injectedScript, line 5: ReferenceError: gtmYTplayers is not defined
1708725501858	addons.xpi	ERROR	System addon update list error SyntaxError: XMLHttpRequest.open: 'http://%(server)s/dummy-system-addons.xml' is not a valid URL.
1708725756479	geckodriver	INFO	Listening on 127.0.0.1:60442
1708725756988	mozrunner::runner	INFO	Running command: MOZ_CRASHREPORTER="1" MOZ_CRASHREPORTER_NO_REPORT="1" MOZ_CRASHREPORTER_SHUTDOWN="1" MOZ_NO_REMOTE="1" "/App ... s" "localhost" "-foreground" "-no-remote" "-profile" "/var/folders/xz/49ff5h910cl5sjzv02fb0v340000gn/T/rust_mozprofileTeongQ"
*** You are running in headless mode.
console.warn: services.settings: Ignoring preference override of remote settings server
console.warn: services.settings: Allow by setting MOZ_REMOTE_SETTINGS_DEVTOOLS=1 in the environment
1708725757196	Marionette	INFO	Marionette enabled
console.error: "Warning: unrecognized command line flag" "-remote-allow-hosts"
1708725757391	Marionette	INFO	Listening on port 60452
WebDriver BiDi listening on ws://127.0.0.1:60443
1708725757525	RemoteAgent	WARN	TLS certificate errors will be ignored for this session
[GFX1-]: RenderCompositorSWGL failed mapping default framebuffer, no dt
DevTools listening on ws://127.0.0.1:60443/devtools/browser/d17bc226-5411-4fa1-856d-feda08c47138
JavaScript error: https://www.sec.gov/edgar/search/#/q=%2522Material%2520Cybersecurity%2522&dateRange=30d&category=custom&forms=8-K&sort=desc line 512 > injectedScript, line 5: ReferenceError: gtmYTplayers is not defined
1708725787604	addons.xpi	ERROR	System addon update list error SyntaxError: XMLHttpRequest.open: 'http://%(server)s/dummy-system-addons.xml' is not a valid URL.
1708725796194	Marionette	INFO	Stopped listening on port 60452
1708725926114	geckodriver	INFO	Listening on 127.0.0.1:60618
1708725926625	mozrunner::runner	INFO	Running command: MOZ_CRASHREPORTER="1" MOZ_CRASHREPORTER_NO_REPORT="1" MOZ_CRASHREPORTER_SHUTDOWN="1" MOZ_NO_REMOTE="1" "/App ... s" "localhost" "-foreground" "-no-remote" "-profile" "/var/folders/xz/49ff5h910cl5sjzv02fb0v340000gn/T/rust_mozprofilenU4rWN"
*** You are running in headless mode.
console.warn: services.settings: Ignoring preference override of remote settings server
console.warn: services.settings: Allow by setting MOZ_REMOTE_SETTINGS_DEVTOOLS=1 in the environment
1708725926826	Marionette	INFO	Marionette enabled
console.error: "Warning: unrecognized command line flag" "-remote-allow-hosts"
1708725927026	Marionette	INFO	Listening on port 60629
WebDriver BiDi listening on ws://127.0.0.1:60619
1708725927153	RemoteAgent	WARN	TLS certificate errors will be ignored for this session
[GFX1-]: RenderCompositorSWGL failed mapping default framebuffer, no dt
DevTools listening on ws://127.0.0.1:60619/devtools/browser/fa0a875d-a356-4120-a4a8-e865b084ea91
JavaScript error: https://www.sec.gov/edgar/search/#/q=%2522Material%2520Cybersecurity%2522&dateRange=30d&category=custom&forms=8-K&sort=desc line 512 > injectedScript, line 5: ReferenceError: gtmYTplayers is not defined
1708725958927	addons.xpi	ERROR	System addon update list error SyntaxError: XMLHttpRequest.open: 'http://%(server)s/dummy-system-addons.xml' is not a valid URL.
1708725965360	Marionette	INFO	Stopped listening on port 60629
1708725995618	geckodriver	INFO	Listening on 127.0.0.1:60712
1708725996137	mozrunner::runner	INFO	Running command: MOZ_CRASHREPORTER="1" MOZ_CRASHREPORTER_NO_REPORT="1" MOZ_CRASHREPORTER_SHUTDOWN="1" MOZ_NO_REMOTE="1" "/App ... s" "localhost" "-foreground" "-no-remote" "-profile" "/var/folders/xz/49ff5h910cl5sjzv02fb0v340000gn/T/rust_mozprofileVm4qfT"
*** You are running in headless mode.
console.warn: services.settings: Ignoring preference override of remote settings server
console.warn: services.settings: Allow by setting MOZ_REMOTE_SETTINGS_DEVTOOLS=1 in the environment
1708725996332	Marionette	INFO	Marionette enabled
console.error: "Warning: unrecognized command line flag" "-remote-allow-hosts"
1708725996503	Marionette	INFO	Listening on port 60720
WebDriver BiDi listening on ws://127.0.0.1:60713
1708725996634	RemoteAgent	WARN	TLS certificate errors will be ignored for this session
[GFX1-]: RenderCompositorSWGL failed mapping default framebuffer, no dt
DevTools listening on ws://127.0.0.1:60713/devtools/browser/3d44e012-f34d-4b40-81d9-52bdb2813539
JavaScript error: https://www.sec.gov/edgar/search/#/q=%2522Material%2520Cybersecurity%2522&dateRange=30d&category=custom&forms=8-K&sort=desc line 512 > injectedScript, line 5: ReferenceError: gtmYTplayers is not defined
1708726026708	addons.xpi	ERROR	System addon update list error SyntaxError: XMLHttpRequest.open: 'http://%(server)s/dummy-system-addons.xml' is not a valid URL.
1708726034403	Marionette	INFO	Stopped listening on port 60720
1708726140683	geckodriver	INFO	Listening on 127.0.0.1:60814
1708726141198	mozrunner::runner	INFO	Running command: MOZ_CRASHREPORTER="1" MOZ_CRASHREPORTER_NO_REPORT="1" MOZ_CRASHREPORTER_SHUTDOWN="1" MOZ_NO_REMOTE="1" "/App ... s" "localhost" "-foreground" "-no-remote" "-profile" "/var/folders/xz/49ff5h910cl5sjzv02fb0v340000gn/T/rust_mozprofilezLjHtI"
*** You are running in headless mode.
console.warn: services.settings: Ignoring preference override of remote settings server
console.warn: services.settings: Allow by setting MOZ_REMOTE_SETTINGS_DEVTOOLS=1 in the environment
1708726141399	Marionette	INFO	Marionette enabled
console.error: "Warning: unrecognized command line flag" "-remote-allow-hosts"
1708726141570	Marionette	INFO	Listening on port 60822
WebDriver BiDi listening on ws://127.0.0.1:60815
1708726141709	RemoteAgent	WARN	TLS certificate errors will be ignored for this session
[GFX1-]: RenderCompositorSWGL failed mapping default framebuffer, no dt
DevTools listening on ws://127.0.0.1:60815/devtools/browser/505b9a5f-33af-4a54-9c06-3a29f3249853
JavaScript error: https://www.sec.gov/edgar/search/#/q=%2522Material%2520Cybersecurity%2522&dateRange=30d&category=custom&forms=8-K&sort=desc line 512 > injectedScript, line 5: ReferenceError: gtmYTplayers is not defined
1708726174010	addons.xpi	ERROR	System addon update list error SyntaxError: XMLHttpRequest.open: 'http://%(server)s/dummy-system-addons.xml' is not a valid URL.
1708726179295	Marionette	INFO	Stopped listening on port 60822
1708726292482	geckodriver	INFO	Listening on 127.0.0.1:60931
1708726292994	mozrunner::runner	INFO	Running command: MOZ_CRASHREPORTER="1" MOZ_CRASHREPORTER_NO_REPORT="1" MOZ_CRASHREPORTER_SHUTDOWN="1" MOZ_NO_REMOTE="1" "/App ... s" "localhost" "-foreground" "-no-remote" "-profile" "/var/folders/xz/49ff5h910cl5sjzv02fb0v340000gn/T/rust_mozprofilehlMgpq"
*** You are running in headless mode.
console.warn: services.settings: Ignoring preference override of remote settings server
console.warn: services.settings: Allow by setting MOZ_REMOTE_SETTINGS_DEVTOOLS=1 in the environment
1708726293196	Marionette	INFO	Marionette enabled
console.error: "Warning: unrecognized command line flag" "-remote-allow-hosts"
1708726293376	Marionette	INFO	Listening on port 60939
WebDriver BiDi listening on ws://127.0.0.1:60932
1708726293513	RemoteAgent	WARN	TLS certificate errors will be ignored for this session
[GFX1-]: RenderCompositorSWGL failed mapping default framebuffer, no dt
DevTools listening on ws://127.0.0.1:60932/devtools/browser/2aff291d-3f74-4153-883b-814c94d80d2f
JavaScript error: https://www.sec.gov/edgar/search/#/q=%2522Material%2520Cybersecurity%2520Incidents%2522&dateRange=30d&category=custom&forms=8-K&sort=desc line 512 > injectedScript, line 5: ReferenceError: gtmYTplayers is not defined
1708726325029	addons.xpi	ERROR	System addon update list error SyntaxError: XMLHttpRequest.open: 'http://%(server)s/dummy-system-addons.xml' is not a valid URL.
1708726325959	Marionette	INFO	Stopped listening on port 60939
console.warn: services.settings: main/devtools-compatibility-browsers sync interrupted by shutdown
console.warn: services.settings: main/translations-models sync interrupted by shutdown
console.warn: services.settings: main/search-config sync interrupted by shutdown
console.warn: services.settings: main/search-config-v2 sync interrupted by shutdown
console.warn: services.settings: main/search-telemetry-v2 sync interrupted by shutdown
console.warn: services.settings: main/partitioning-exempt-urls sync interrupted by shutdown
console.warn: services.settings: main/search-config-overrides sync interrupted by shutdown
console.warn: services.settings: main/search-config-overrides-v2 sync interrupted by shutdown
console.warn: services.settings: main/translations-wasm sync interrupted by shutdown
console.warn: services.settings: main/language-dictionaries sync interrupted by shutdown
console.warn: services.settings: main/password-recipes sync interrupted by shutdown
console.warn: services.settings: main/password-rules sync interrupted by shutdown
console.warn: services.settings: main/translations-identification-models sync interrupted by shutdown
console.warn: services.settings: main/fingerprinting-protection-overrides sync interrupted by shutdown
console.warn: services.settings: main/url-classifier-skip-urls sync interrupted by shutdown
console.warn: services.settings: main/cookie-banner-rules-list sync interrupted by shutdown
console.warn: services.settings: main/sites-classification sync interrupted by shutdown
console.warn: services.settings: main/anti-tracking-url-decoration sync interrupted by shutdown
console.error: (new Error("IndexedDB: main/windows-default-browser-agent getLastModified() IndexedDB:  execute() The application is shutting down", "resource://services-settings/IDBHelpers.sys.mjs", 16))
1708726410179	geckodriver	INFO	Listening on 127.0.0.1:61033
1708726410186	mozrunner::runner	INFO	Running command: MOZ_CRASHREPORTER="1" MOZ_CRASHREPORTER_NO_REPORT="1" MOZ_CRASHREPORTER_SHUTDOWN="1" MOZ_NO_REMOTE="1" "/App ... s" "localhost" "-foreground" "-no-remote" "-profile" "/var/folders/xz/49ff5h910cl5sjzv02fb0v340000gn/T/rust_mozprofileF9FGEa"
*** You are running in headless mode.
console.warn: services.settings: Ignoring preference override of remote settings server
console.warn: services.settings: Allow by setting MOZ_REMOTE_SETTINGS_DEVTOOLS=1 in the environment
1708726410377	Marionette	INFO	Marionette enabled
console.error: "Warning: unrecognized command line flag" "-remote-allow-hosts"
1708726410572	Marionette	INFO	Listening on port 61039
WebDriver BiDi listening on ws://127.0.0.1:61034
1708726410715	RemoteAgent	WARN	TLS certificate errors will be ignored for this session
[GFX1-]: RenderCompositorSWGL failed mapping default framebuffer, no dt
DevTools listening on ws://127.0.0.1:61034/devtools/browser/9ac39d8c-ce77-4fc6-a8bd-5e9a19622197
JavaScript error: https://www.sec.gov/edgar/search/#/q=%2522Material%2520Cybersecurity%2520Incidents%2522&dateRange=30d&category=custom&forms=8-K&sort=desc line 512 > injectedScript, line 5: ReferenceError: gtmYTplayers is not defined
1708726440876	addons.xpi	ERROR	System addon update list error SyntaxError: XMLHttpRequest.open: 'http://%(server)s/dummy-system-addons.xml' is not a valid URL.
1708726442793	Marionette	INFO	Stopped listening on port 61039
1708727723462	geckodriver	INFO	Listening on 127.0.0.1:61707
1708727723971	mozrunner::runner	INFO	Running command: MOZ_CRASHREPORTER="1" MOZ_CRASHREPORTER_NO_REPORT="1" MOZ_CRASHREPORTER_SHUTDOWN="1" MOZ_NO_REMOTE="1" "/App ... s" "localhost" "-foreground" "-no-remote" "-profile" "/var/folders/xz/49ff5h910cl5sjzv02fb0v340000gn/T/rust_mozprofileoLgDOi"
*** You are running in headless mode.
console.warn: services.settings: Ignoring preference override of remote settings server
console.warn: services.settings: Allow by setting MOZ_REMOTE_SETTINGS_DEVTOOLS=1 in the environment
1708727724172	Marionette	INFO	Marionette enabled
console.error: "Warning: unrecognized command line flag" "-remote-allow-hosts"
1708727724374	Marionette	INFO	Listening on port 61715
WebDriver BiDi listening on ws://127.0.0.1:61708
1708727724502	RemoteAgent	WARN	TLS certificate errors will be ignored for this session
[GFX1-]: RenderCompositorSWGL failed mapping default framebuffer, no dt
DevTools listening on ws://127.0.0.1:61708/devtools/browser/cd6683d1-6cfe-4e54-9a97-179fcd558c6e
JavaScript error: https://www.sec.gov/edgar/search/#/q=%2522Material%2520Cybersecurity%2520Incidents%2522&dateRange=30d&category=custom&forms=8-K&sort=desc line 512 > injectedScript, line 5: ReferenceError: gtmYTplayers is not defined
1708727756040	addons.xpi	ERROR	System addon update list error SyntaxError: XMLHttpRequest.open: 'http://%(server)s/dummy-system-addons.xml' is not a valid URL.
1708727756517	Marionette	INFO	Stopped listening on port 61715
console.error: (new Error("IndexedDB: main/nimbus-desktop-experiments getLastModified() IndexedDB:  execute() The application is shutting down", "resource://services-settings/IDBHelpers.sys.mjs", 16))
